  OOP_game.cpp
C:\Users\Gamer\Documents\gamer directories\university stuff\OOP_assignments\OOP_game\OOP_game.cpp(156,43): warning C4244: 'argument': conversion from 'int' to 'T', possible loss of data
C:\Users\Gamer\Documents\gamer directories\university stuff\OOP_assignments\OOP_game\OOP_game.cpp(156,43): warning C4244:         with
C:\Users\Gamer\Documents\gamer directories\university stuff\OOP_assignments\OOP_game\OOP_game.cpp(156,43): warning C4244:         [
C:\Users\Gamer\Documents\gamer directories\university stuff\OOP_assignments\OOP_game\OOP_game.cpp(156,43): warning C4244:             T=float
C:\Users\Gamer\Documents\gamer directories\university stuff\OOP_assignments\OOP_game\OOP_game.cpp(156,43): warning C4244:         ]
C:\Users\Gamer\Documents\gamer directories\university stuff\OOP_assignments\OOP_game\OOP_game.cpp(157,55): warning C4244: 'argument': conversion from 'const int' to 'T', possible loss of data
C:\Users\Gamer\Documents\gamer directories\university stuff\OOP_assignments\OOP_game\OOP_game.cpp(157,55): warning C4244:         with
C:\Users\Gamer\Documents\gamer directories\university stuff\OOP_assignments\OOP_game\OOP_game.cpp(157,55): warning C4244:         [
C:\Users\Gamer\Documents\gamer directories\university stuff\OOP_assignments\OOP_game\OOP_game.cpp(157,55): warning C4244:             T=float
C:\Users\Gamer\Documents\gamer directories\university stuff\OOP_assignments\OOP_game\OOP_game.cpp(157,55): warning C4244:         ]
C:\Users\Gamer\Documents\gamer directories\university stuff\OOP_assignments\OOP_game\OOP_game.cpp(157,43): warning C4244: 'argument': conversion from 'int' to 'T', possible loss of data
C:\Users\Gamer\Documents\gamer directories\university stuff\OOP_assignments\OOP_game\OOP_game.cpp(157,43): warning C4244:         with
C:\Users\Gamer\Documents\gamer directories\university stuff\OOP_assignments\OOP_game\OOP_game.cpp(157,43): warning C4244:         [
C:\Users\Gamer\Documents\gamer directories\university stuff\OOP_assignments\OOP_game\OOP_game.cpp(157,43): warning C4244:             T=float
C:\Users\Gamer\Documents\gamer directories\university stuff\OOP_assignments\OOP_game\OOP_game.cpp(157,43): warning C4244:         ]
C:\Users\Gamer\Documents\gamer directories\university stuff\OOP_assignments\OOP_game\OOP_game.cpp(158,46): warning C4244: 'argument': conversion from 'int' to 'T', possible loss of data
C:\Users\Gamer\Documents\gamer directories\university stuff\OOP_assignments\OOP_game\OOP_game.cpp(158,46): warning C4244:         with
C:\Users\Gamer\Documents\gamer directories\university stuff\OOP_assignments\OOP_game\OOP_game.cpp(158,46): warning C4244:         [
C:\Users\Gamer\Documents\gamer directories\university stuff\OOP_assignments\OOP_game\OOP_game.cpp(158,46): warning C4244:             T=float
C:\Users\Gamer\Documents\gamer directories\university stuff\OOP_assignments\OOP_game\OOP_game.cpp(158,46): warning C4244:         ]
C:\Users\Gamer\Documents\gamer directories\university stuff\OOP_assignments\OOP_game\OOP_game.cpp(159,55): warning C4244: 'argument': conversion from 'int' to 'T', possible loss of data
C:\Users\Gamer\Documents\gamer directories\university stuff\OOP_assignments\OOP_game\OOP_game.cpp(159,55): warning C4244:         with
C:\Users\Gamer\Documents\gamer directories\university stuff\OOP_assignments\OOP_game\OOP_game.cpp(159,55): warning C4244:         [
C:\Users\Gamer\Documents\gamer directories\university stuff\OOP_assignments\OOP_game\OOP_game.cpp(159,55): warning C4244:             T=float
C:\Users\Gamer\Documents\gamer directories\university stuff\OOP_assignments\OOP_game\OOP_game.cpp(159,55): warning C4244:         ]
C:\Users\Gamer\Documents\gamer directories\university stuff\OOP_assignments\OOP_game\OOP_game.cpp(159,41): warning C4244: 'argument': conversion from 'const int' to 'T', possible loss of data
C:\Users\Gamer\Documents\gamer directories\university stuff\OOP_assignments\OOP_game\OOP_game.cpp(159,41): warning C4244:         with
C:\Users\Gamer\Documents\gamer directories\university stuff\OOP_assignments\OOP_game\OOP_game.cpp(159,41): warning C4244:         [
C:\Users\Gamer\Documents\gamer directories\university stuff\OOP_assignments\OOP_game\OOP_game.cpp(159,41): warning C4244:             T=float
C:\Users\Gamer\Documents\gamer directories\university stuff\OOP_assignments\OOP_game\OOP_game.cpp(159,41): warning C4244:         ]
C:\Users\Gamer\Documents\gamer directories\university stuff\OOP_assignments\OOP_game\OOP_game.cpp(208,73): warning C4244: 'argument': conversion from 'int' to 'T', possible loss of data
C:\Users\Gamer\Documents\gamer directories\university stuff\OOP_assignments\OOP_game\OOP_game.cpp(208,73): warning C4244:         with
C:\Users\Gamer\Documents\gamer directories\university stuff\OOP_assignments\OOP_game\OOP_game.cpp(208,73): warning C4244:         [
C:\Users\Gamer\Documents\gamer directories\university stuff\OOP_assignments\OOP_game\OOP_game.cpp(208,73): warning C4244:             T=float
C:\Users\Gamer\Documents\gamer directories\university stuff\OOP_assignments\OOP_game\OOP_game.cpp(208,73): warning C4244:         ]
C:\Users\Gamer\Documents\gamer directories\university stuff\OOP_assignments\OOP_game\OOP_game.cpp(208,52): warning C4244: 'argument': conversion from 'int' to 'T', possible loss of data
C:\Users\Gamer\Documents\gamer directories\university stuff\OOP_assignments\OOP_game\OOP_game.cpp(208,52): warning C4244:         with
C:\Users\Gamer\Documents\gamer directories\university stuff\OOP_assignments\OOP_game\OOP_game.cpp(208,52): warning C4244:         [
C:\Users\Gamer\Documents\gamer directories\university stuff\OOP_assignments\OOP_game\OOP_game.cpp(208,52): warning C4244:             T=float
C:\Users\Gamer\Documents\gamer directories\university stuff\OOP_assignments\OOP_game\OOP_game.cpp(208,52): warning C4244:         ]
C:\Users\Gamer\Documents\gamer directories\university stuff\OOP_assignments\OOP_game\OOP_game.cpp(209,85): warning C4244: 'argument': conversion from 'int' to 'T', possible loss of data
C:\Users\Gamer\Documents\gamer directories\university stuff\OOP_assignments\OOP_game\OOP_game.cpp(209,85): warning C4244:         with
C:\Users\Gamer\Documents\gamer directories\university stuff\OOP_assignments\OOP_game\OOP_game.cpp(209,85): warning C4244:         [
C:\Users\Gamer\Documents\gamer directories\university stuff\OOP_assignments\OOP_game\OOP_game.cpp(209,85): warning C4244:             T=float
C:\Users\Gamer\Documents\gamer directories\university stuff\OOP_assignments\OOP_game\OOP_game.cpp(209,85): warning C4244:         ]
C:\Users\Gamer\Documents\gamer directories\university stuff\OOP_assignments\OOP_game\OOP_game.cpp(209,58): warning C4244: 'argument': conversion from 'int' to 'T', possible loss of data
C:\Users\Gamer\Documents\gamer directories\university stuff\OOP_assignments\OOP_game\OOP_game.cpp(209,58): warning C4244:         with
C:\Users\Gamer\Documents\gamer directories\university stuff\OOP_assignments\OOP_game\OOP_game.cpp(209,58): warning C4244:         [
C:\Users\Gamer\Documents\gamer directories\university stuff\OOP_assignments\OOP_game\OOP_game.cpp(209,58): warning C4244:             T=float
C:\Users\Gamer\Documents\gamer directories\university stuff\OOP_assignments\OOP_game\OOP_game.cpp(209,58): warning C4244:         ]
C:\Users\Gamer\Documents\gamer directories\university stuff\OOP_assignments\OOP_game\OOP_game.cpp(212,79): warning C4244: 'argument': conversion from 'int' to 'T', possible loss of data
C:\Users\Gamer\Documents\gamer directories\university stuff\OOP_assignments\OOP_game\OOP_game.cpp(212,79): warning C4244:         with
C:\Users\Gamer\Documents\gamer directories\university stuff\OOP_assignments\OOP_game\OOP_game.cpp(212,79): warning C4244:         [
C:\Users\Gamer\Documents\gamer directories\university stuff\OOP_assignments\OOP_game\OOP_game.cpp(212,79): warning C4244:             T=float
C:\Users\Gamer\Documents\gamer directories\university stuff\OOP_assignments\OOP_game\OOP_game.cpp(212,79): warning C4244:         ]
C:\Users\Gamer\Documents\gamer directories\university stuff\OOP_assignments\OOP_game\OOP_game.cpp(212,58): warning C4244: 'argument': conversion from 'int' to 'T', possible loss of data
C:\Users\Gamer\Documents\gamer directories\university stuff\OOP_assignments\OOP_game\OOP_game.cpp(212,58): warning C4244:         with
C:\Users\Gamer\Documents\gamer directories\university stuff\OOP_assignments\OOP_game\OOP_game.cpp(212,58): warning C4244:         [
C:\Users\Gamer\Documents\gamer directories\university stuff\OOP_assignments\OOP_game\OOP_game.cpp(212,58): warning C4244:             T=float
C:\Users\Gamer\Documents\gamer directories\university stuff\OOP_assignments\OOP_game\OOP_game.cpp(212,58): warning C4244:         ]
C:\Users\Gamer\Documents\gamer directories\university stuff\OOP_assignments\OOP_game\OOP_game.cpp(213,79): warning C4244: 'argument': conversion from 'int' to 'T', possible loss of data
C:\Users\Gamer\Documents\gamer directories\university stuff\OOP_assignments\OOP_game\OOP_game.cpp(213,79): warning C4244:         with
C:\Users\Gamer\Documents\gamer directories\university stuff\OOP_assignments\OOP_game\OOP_game.cpp(213,79): warning C4244:         [
C:\Users\Gamer\Documents\gamer directories\university stuff\OOP_assignments\OOP_game\OOP_game.cpp(213,79): warning C4244:             T=float
C:\Users\Gamer\Documents\gamer directories\university stuff\OOP_assignments\OOP_game\OOP_game.cpp(213,79): warning C4244:         ]
C:\Users\Gamer\Documents\gamer directories\university stuff\OOP_assignments\OOP_game\OOP_game.cpp(213,52): warning C4244: 'argument': conversion from 'int' to 'T', possible loss of data
C:\Users\Gamer\Documents\gamer directories\university stuff\OOP_assignments\OOP_game\OOP_game.cpp(213,52): warning C4244:         with
C:\Users\Gamer\Documents\gamer directories\university stuff\OOP_assignments\OOP_game\OOP_game.cpp(213,52): warning C4244:         [
C:\Users\Gamer\Documents\gamer directories\university stuff\OOP_assignments\OOP_game\OOP_game.cpp(213,52): warning C4244:             T=float
C:\Users\Gamer\Documents\gamer directories\university stuff\OOP_assignments\OOP_game\OOP_game.cpp(213,52): warning C4244:         ]
C:\Users\Gamer\Documents\gamer directories\university stuff\OOP_assignments\OOP_game\OOP_game.cpp(222,45): warning C4244: 'argument': conversion from 'int' to 'float', possible loss of data
C:\Users\Gamer\Documents\gamer directories\university stuff\OOP_assignments\OOP_game\OOP_game.cpp(223,64): warning C4244: 'argument': conversion from 'int' to 'float', possible loss of data
C:\Users\Gamer\Documents\gamer directories\university stuff\OOP_assignments\OOP_game\OOP_game.cpp(223,43): warning C4244: 'argument': conversion from 'int' to 'float', possible loss of data
  OOP_game.vcxproj -> C:\Users\Gamer\Documents\gamer directories\university stuff\OOP_assignments\OOP_game\x64\Debug\OOP_game.exe
